<?xml version="1.0" encoding="UTF-8"?>
<!-- Generated by org.testng.reporters.JUnitXMLReporter -->
<testsuite hostname="DESKTOP-PV5T3HC" ignored="1" name="Default test" tests="1" failures="0" timestamp="2021-04-18T18:37:27 IST" time="13.069" errors="0">
  <testcase name="validateContactsLabelTest" time="0.575" classname="com.crm.qa.testcases.ContactsPageTest"/>
  <testcase name="selectContactsByNameTest" time="0.0" classname="com.crm.qa.testcases.ContactsPageTest">
    <ignored/>
  </testcase> <!-- selectContactsByNameTest -->
</testsuite> <!-- Default test -->
