<?xml version="1.0" encoding="UTF-8"?>
<!-- Generated by org.testng.reporters.JUnitXMLReporter -->
<testsuite hostname="DESKTOP-PV5T3HC" ignored="8" name="CRM Test" tests="8" failures="0" timestamp="2021-04-18T18:58:51 IST" time="62.232" errors="0">
  <testcase name="loginPageTitleTest" time="0.045" classname="com.crm.qa.testcases.LoginPageTest"/>
  <testcase name="signUpLinkTest" time="4.24" classname="com.crm.qa.testcases.LoginPageTest"/>
  <testcase name="loginTest" time="2.486" classname="com.crm.qa.testcases.LoginPageTest"/>
  <testcase name="validateHomePageTitleTest" time="0.011" classname="com.crm.qa.testcases.HomePageTest"/>
  <testcase name="validateCorrectUserNameTest" time="2.701" classname="com.crm.qa.testcases.HomePageTest"/>
  <testcase name="verifyContactsLinkTest" time="3.089" classname="com.crm.qa.testcases.HomePageTest"/>
  <testcase name="validateContactsLabelTest" time="0.122" classname="com.crm.qa.testcases.ContactsPageTest"/>
  <testcase name="clickOnDealsNewButtonTest" time="0.187" classname="com.crm.qa.testcases.DealsPageTest"/>
  <testcase name="@BeforeSuite setExtentReport" time="0.0" classname="com.crm.qa.base.TestBase">
    <ignored/>
  </testcase> <!-- @BeforeSuite setExtentReport -->
  <testcase name="@BeforeSuite setExtentReport" time="0.0" classname="com.crm.qa.base.TestBase">
    <ignored/>
  </testcase> <!-- @BeforeSuite setExtentReport -->
  <testcase name="@BeforeSuite setExtentReport" time="0.0" classname="com.crm.qa.base.TestBase">
    <ignored/>
  </testcase> <!-- @BeforeSuite setExtentReport -->
  <testcase name="@AfterSuite endExtentReport" time="0.0" classname="com.crm.qa.base.TestBase">
    <ignored/>
  </testcase> <!-- @AfterSuite endExtentReport -->
  <testcase name="@AfterSuite endExtentReport" time="0.0" classname="com.crm.qa.base.TestBase">
    <ignored/>
  </testcase> <!-- @AfterSuite endExtentReport -->
  <testcase name="@AfterSuite endExtentReport" time="0.0" classname="com.crm.qa.base.TestBase">
    <ignored/>
  </testcase> <!-- @AfterSuite endExtentReport -->
  <testcase name="createNewDealTest" time="0.0" classname="com.crm.qa.testcases.DealsPageTest">
    <ignored/>
  </testcase> <!-- createNewDealTest -->
  <testcase name="selectContactsByNameTest" time="0.0" classname="com.crm.qa.testcases.ContactsPageTest">
    <ignored/>
  </testcase> <!-- selectContactsByNameTest -->
</testsuite> <!-- CRM Test -->
