<?xml version="1.0" encoding="UTF-8"?>
<testng-results skipped="0" failed="0" ignored="8" total="16" passed="8">
  <reporter-output>
  </reporter-output>
  <suite name="CRM Test Suite" duration-ms="62232" started-at="2021-04-18T18:57:49 IST" finished-at="2021-04-18T18:58:51 IST">
    <groups>
      <group name="main">
        <method signature="HomePageTest.validateCorrectUserNameTest()[pri:2, instance:com.crm.qa.testcases.HomePageTest@17579e0f]" name="validateCorrectUserNameTest" class="com.crm.qa.testcases.HomePageTest"/>
        <method signature="HomePageTest.verifyContactsLinkTest()[pri:3, instance:com.crm.qa.testcases.HomePageTest@17579e0f]" name="verifyContactsLinkTest" class="com.crm.qa.testcases.HomePageTest"/>
        <method signature="LoginPageTest.loginTest()[pri:3, instance:com.crm.qa.testcases.LoginPageTest@4b1c1ea0]" name="loginTest" class="com.crm.qa.testcases.LoginPageTest"/>
      </group> <!-- main -->
      <group name="basic">
        <method signature="ContactsPageTest.validateContactsLabelTest()[pri:1, instance:com.crm.qa.testcases.ContactsPageTest@4d41cee]" name="validateContactsLabelTest" class="com.crm.qa.testcases.ContactsPageTest"/>
        <method signature="DealsPageTest.clickOnDealsNewButtonTest()[pri:1, instance:com.crm.qa.testcases.DealsPageTest@3712b94]" name="clickOnDealsNewButtonTest" class="com.crm.qa.testcases.DealsPageTest"/>
        <method signature="HomePageTest.validateHomePageTitleTest()[pri:1, instance:com.crm.qa.testcases.HomePageTest@17579e0f]" name="validateHomePageTitleTest" class="com.crm.qa.testcases.HomePageTest"/>
        <method signature="HomePageTest.verifyContactsLinkTest()[pri:3, instance:com.crm.qa.testcases.HomePageTest@17579e0f]" name="verifyContactsLinkTest" class="com.crm.qa.testcases.HomePageTest"/>
        <method signature="LoginPageTest.loginPageTitleTest()[pri:1, instance:com.crm.qa.testcases.LoginPageTest@4b1c1ea0]" name="loginPageTitleTest" class="com.crm.qa.testcases.LoginPageTest"/>
        <method signature="LoginPageTest.signUpLinkTest()[pri:2, instance:com.crm.qa.testcases.LoginPageTest@4b1c1ea0]" name="signUpLinkTest" class="com.crm.qa.testcases.LoginPageTest"/>
      </group> <!-- basic -->
    </groups>
    <test name="CRM Test" duration-ms="62232" started-at="2021-04-18T18:57:49 IST" finished-at="2021-04-18T18:58:51 IST">
      <class name="com.crm.qa.testcases.HomePageTest">
        <test-method status="PASS" signature="setUp()[pri:0, instance:com.crm.qa.testcases.HomePageTest@17579e0f]" name="setUp" is-config="true" duration-ms="5802" started-at="2021-04-18T18:58:08 IST" finished-at="2021-04-18T18:58:13 IST">
          <reporter-output>
          </reporter-output>
        </test-method> <!-- setUp -->
        <test-method status="PASS" signature="validateHomePageTitleTest()[pri:1, instance:com.crm.qa.testcases.HomePageTest@17579e0f]" name="validateHomePageTitleTest" duration-ms="11" started-at="2021-04-18T18:58:13 IST" finished-at="2021-04-18T18:58:13 IST">
          <reporter-output>
          </reporter-output>
        </test-method> <!-- validateHomePageTitleTest -->
        <test-method status="PASS" signature="tearDown(org.testng.ITestResult)[pri:0, instance:com.crm.qa.testcases.HomePageTest@17579e0f]" name="tearDown" is-config="true" duration-ms="726" started-at="2021-04-18T18:58:14 IST" finished-at="2021-04-18T18:58:14 IST">
          <params>
            <param index="0">
              <value>
                <![CDATA[[TestResult name=validateHomePageTitleTest status=SUCCESS method=HomePageTest.validateHomePageTitleTest()[pri:1, instance:com.crm.qa.testcases.HomePageTest@17579e0f] output={null}]]]>
              </value>
            </param>
          </params>
          <reporter-output>
          </reporter-output>
        </test-method> <!-- tearDown -->
        <test-method status="PASS" signature="setUp()[pri:0, instance:com.crm.qa.testcases.HomePageTest@17579e0f]" name="setUp" is-config="true" duration-ms="5377" started-at="2021-04-18T18:58:14 IST" finished-at="2021-04-18T18:58:20 IST">
          <reporter-output>
          </reporter-output>
        </test-method> <!-- setUp -->
        <test-method status="PASS" signature="validateCorrectUserNameTest()[pri:2, instance:com.crm.qa.testcases.HomePageTest@17579e0f]" name="validateCorrectUserNameTest" duration-ms="2701" started-at="2021-04-18T18:58:20 IST" finished-at="2021-04-18T18:58:22 IST">
          <reporter-output>
          </reporter-output>
        </test-method> <!-- validateCorrectUserNameTest -->
        <test-method status="PASS" signature="tearDown(org.testng.ITestResult)[pri:0, instance:com.crm.qa.testcases.HomePageTest@17579e0f]" name="tearDown" is-config="true" duration-ms="730" started-at="2021-04-18T18:58:22 IST" finished-at="2021-04-18T18:58:23 IST">
          <params>
            <param index="0">
              <value>
                <![CDATA[[TestResult name=validateCorrectUserNameTest status=SUCCESS method=HomePageTest.validateCorrectUserNameTest()[pri:2, instance:com.crm.qa.testcases.HomePageTest@17579e0f] output={null}]]]>
              </value>
            </param>
          </params>
          <reporter-output>
          </reporter-output>
        </test-method> <!-- tearDown -->
        <test-method status="PASS" signature="setUp()[pri:0, instance:com.crm.qa.testcases.HomePageTest@17579e0f]" name="setUp" is-config="true" duration-ms="5422" started-at="2021-04-18T18:58:23 IST" finished-at="2021-04-18T18:58:28 IST">
          <reporter-output>
          </reporter-output>
        </test-method> <!-- setUp -->
        <test-method status="PASS" signature="verifyContactsLinkTest()[pri:3, instance:com.crm.qa.testcases.HomePageTest@17579e0f]" name="verifyContactsLinkTest" duration-ms="3089" started-at="2021-04-18T18:58:28 IST" finished-at="2021-04-18T18:58:32 IST">
          <reporter-output>
          </reporter-output>
        </test-method> <!-- verifyContactsLinkTest -->
        <test-method status="PASS" signature="tearDown(org.testng.ITestResult)[pri:0, instance:com.crm.qa.testcases.HomePageTest@17579e0f]" name="tearDown" is-config="true" duration-ms="1332" started-at="2021-04-18T18:58:32 IST" finished-at="2021-04-18T18:58:33 IST">
          <params>
            <param index="0">
              <value>
                <![CDATA[[TestResult name=verifyContactsLinkTest status=SUCCESS method=HomePageTest.verifyContactsLinkTest()[pri:3, instance:com.crm.qa.testcases.HomePageTest@17579e0f] output={null}]]]>
              </value>
            </param>
          </params>
          <reporter-output>
          </reporter-output>
        </test-method> <!-- tearDown -->
      </class> <!-- com.crm.qa.testcases.HomePageTest -->
      <class name="com.crm.qa.testcases.ContactsPageTest">
        <test-method status="PASS" signature="setUp()[pri:0, instance:com.crm.qa.testcases.ContactsPageTest@4d41cee]" name="setUp" is-config="true" duration-ms="7321" started-at="2021-04-18T18:58:33 IST" finished-at="2021-04-18T18:58:40 IST">
          <reporter-output>
          </reporter-output>
        </test-method> <!-- setUp -->
        <test-method status="PASS" signature="validateContactsLabelTest()[pri:1, instance:com.crm.qa.testcases.ContactsPageTest@4d41cee]" name="validateContactsLabelTest" duration-ms="122" started-at="2021-04-18T18:58:40 IST" finished-at="2021-04-18T18:58:40 IST">
          <reporter-output>
          </reporter-output>
        </test-method> <!-- validateContactsLabelTest -->
        <test-method status="PASS" signature="tearDown(org.testng.ITestResult)[pri:0, instance:com.crm.qa.testcases.ContactsPageTest@4d41cee]" name="tearDown" is-config="true" duration-ms="726" started-at="2021-04-18T18:58:40 IST" finished-at="2021-04-18T18:58:41 IST">
          <params>
            <param index="0">
              <value>
                <![CDATA[[TestResult name=validateContactsLabelTest status=SUCCESS method=ContactsPageTest.validateContactsLabelTest()[pri:1, instance:com.crm.qa.testcases.ContactsPageTest@4d41cee] output={null}]]]>
              </value>
            </param>
          </params>
          <reporter-output>
          </reporter-output>
        </test-method> <!-- tearDown -->
      </class> <!-- com.crm.qa.testcases.ContactsPageTest -->
      <class name="com.crm.qa.testcases.DealsPageTest">
        <test-method status="PASS" signature="setUp()[pri:0, instance:com.crm.qa.testcases.DealsPageTest@3712b94]" name="setUp" is-config="true" duration-ms="9107" started-at="2021-04-18T18:58:41 IST" finished-at="2021-04-18T18:58:50 IST">
          <reporter-output>
          </reporter-output>
        </test-method> <!-- setUp -->
        <test-method status="PASS" signature="clickOnDealsNewButtonTest()[pri:1, instance:com.crm.qa.testcases.DealsPageTest@3712b94]" name="clickOnDealsNewButtonTest" duration-ms="187" started-at="2021-04-18T18:58:50 IST" finished-at="2021-04-18T18:58:50 IST">
          <reporter-output>
          </reporter-output>
        </test-method> <!-- clickOnDealsNewButtonTest -->
        <test-method status="PASS" signature="tearDown(org.testng.ITestResult)[pri:0, instance:com.crm.qa.testcases.DealsPageTest@3712b94]" name="tearDown" is-config="true" duration-ms="709" started-at="2021-04-18T18:58:50 IST" finished-at="2021-04-18T18:58:51 IST">
          <params>
            <param index="0">
              <value>
                <![CDATA[[TestResult name=clickOnDealsNewButtonTest status=SUCCESS method=DealsPageTest.clickOnDealsNewButtonTest()[pri:1, instance:com.crm.qa.testcases.DealsPageTest@3712b94] output={null}]]]>
              </value>
            </param>
          </params>
          <reporter-output>
          </reporter-output>
        </test-method> <!-- tearDown -->
      </class> <!-- com.crm.qa.testcases.DealsPageTest -->
      <class name="com.crm.qa.testcases.LoginPageTest">
        <test-method status="PASS" signature="setExtentReport()[pri:0, instance:com.crm.qa.testcases.LoginPageTest@4b1c1ea0]" name="setExtentReport" is-config="true" duration-ms="239" started-at="2021-04-18T18:57:49 IST" finished-at="2021-04-18T18:57:49 IST">
          <reporter-output>
          </reporter-output>
        </test-method> <!-- setExtentReport -->
        <test-method status="PASS" signature="setUp()[pri:0, instance:com.crm.qa.testcases.LoginPageTest@4b1c1ea0]" name="setUp" is-config="true" duration-ms="4356" started-at="2021-04-18T18:57:49 IST" finished-at="2021-04-18T18:57:53 IST">
          <reporter-output>
          </reporter-output>
        </test-method> <!-- setUp -->
        <test-method status="PASS" signature="loginPageTitleTest()[pri:1, instance:com.crm.qa.testcases.LoginPageTest@4b1c1ea0]" name="loginPageTitleTest" duration-ms="45" started-at="2021-04-18T18:57:53 IST" finished-at="2021-04-18T18:57:53 IST">
          <reporter-output>
          </reporter-output>
        </test-method> <!-- loginPageTitleTest -->
        <test-method status="PASS" signature="tearDown(org.testng.ITestResult)[pri:0, instance:com.crm.qa.testcases.LoginPageTest@4b1c1ea0]" name="tearDown" is-config="true" duration-ms="706" started-at="2021-04-18T18:57:53 IST" finished-at="2021-04-18T18:57:54 IST">
          <params>
            <param index="0">
              <value>
                <![CDATA[[TestResult name=loginPageTitleTest status=SUCCESS method=LoginPageTest.loginPageTitleTest()[pri:1, instance:com.crm.qa.testcases.LoginPageTest@4b1c1ea0] output={null}]]]>
              </value>
            </param>
          </params>
          <reporter-output>
          </reporter-output>
        </test-method> <!-- tearDown -->
        <test-method status="PASS" signature="setUp()[pri:0, instance:com.crm.qa.testcases.LoginPageTest@4b1c1ea0]" name="setUp" is-config="true" duration-ms="2618" started-at="2021-04-18T18:57:54 IST" finished-at="2021-04-18T18:57:57 IST">
          <reporter-output>
          </reporter-output>
        </test-method> <!-- setUp -->
        <test-method status="PASS" signature="signUpLinkTest()[pri:2, instance:com.crm.qa.testcases.LoginPageTest@4b1c1ea0]" name="signUpLinkTest" duration-ms="4240" started-at="2021-04-18T18:57:57 IST" finished-at="2021-04-18T18:58:01 IST">
          <reporter-output>
          </reporter-output>
        </test-method> <!-- signUpLinkTest -->
        <test-method status="PASS" signature="tearDown(org.testng.ITestResult)[pri:0, instance:com.crm.qa.testcases.LoginPageTest@4b1c1ea0]" name="tearDown" is-config="true" duration-ms="689" started-at="2021-04-18T18:58:01 IST" finished-at="2021-04-18T18:58:02 IST">
          <params>
            <param index="0">
              <value>
                <![CDATA[[TestResult name=signUpLinkTest status=SUCCESS method=LoginPageTest.signUpLinkTest()[pri:2, instance:com.crm.qa.testcases.LoginPageTest@4b1c1ea0] output={null}]]]>
              </value>
            </param>
          </params>
          <reporter-output>
          </reporter-output>
        </test-method> <!-- tearDown -->
        <test-method status="PASS" signature="setUp()[pri:0, instance:com.crm.qa.testcases.LoginPageTest@4b1c1ea0]" name="setUp" is-config="true" duration-ms="2930" started-at="2021-04-18T18:58:02 IST" finished-at="2021-04-18T18:58:04 IST">
          <reporter-output>
          </reporter-output>
        </test-method> <!-- setUp -->
        <test-method status="PASS" signature="loginTest()[pri:3, instance:com.crm.qa.testcases.LoginPageTest@4b1c1ea0]" name="loginTest" duration-ms="2486" started-at="2021-04-18T18:58:04 IST" finished-at="2021-04-18T18:58:07 IST">
          <reporter-output>
          </reporter-output>
        </test-method> <!-- loginTest -->
        <test-method status="PASS" signature="tearDown(org.testng.ITestResult)[pri:0, instance:com.crm.qa.testcases.LoginPageTest@4b1c1ea0]" name="tearDown" is-config="true" duration-ms="735" started-at="2021-04-18T18:58:07 IST" finished-at="2021-04-18T18:58:08 IST">
          <params>
            <param index="0">
              <value>
                <![CDATA[[TestResult name=loginTest status=SUCCESS method=LoginPageTest.loginTest()[pri:3, instance:com.crm.qa.testcases.LoginPageTest@4b1c1ea0] output={null}]]]>
              </value>
            </param>
          </params>
          <reporter-output>
          </reporter-output>
        </test-method> <!-- tearDown -->
        <test-method status="PASS" signature="endExtentReport()[pri:0, instance:com.crm.qa.testcases.LoginPageTest@4b1c1ea0]" name="endExtentReport" is-config="true" duration-ms="495" started-at="2021-04-18T18:58:51 IST" finished-at="2021-04-18T18:58:52 IST">
          <reporter-output>
          </reporter-output>
        </test-method> <!-- endExtentReport -->
      </class> <!-- com.crm.qa.testcases.LoginPageTest -->
    </test> <!-- CRM Test -->
  </suite> <!-- CRM Test Suite -->
</testng-results>
